[eliteadmin.themedesigner.in/demos/eliteadmin-dark/index.html]
[eliteadmin.themedesigner.in/demos/plugins/images/favicon.png]
[backblue.gif]
[fade.gif]
[index.html]
[www.google-analytics.com/analytics.js]
[eliteadmin.themedesigner.in/demos/eliteadmin-dark/index-2.html]
[eliteadmin.themedesigner.in/demos/plugins/images/eliteadmin-logo.png]
[eliteadmin.themedesigner.in/demos/plugins/images/eliteadmin-logo-dark.png]
[eliteadmin.themedesigner.in/demos/plugins/images/eliteadmin-text.png]
[eliteadmin.themedesigner.in/demos/plugins/images/eliteadmin-text-dark.png]
[eliteadmin.themedesigner.in/demos/plugins/images/users/pawandeep.jpg]
[eliteadmin.themedesigner.in/demos/plugins/images/users/sonu.jpg]
[eliteadmin.themedesigner.in/demos/plugins/images/users/arijit.jpg]
[eliteadmin.themedesigner.in/demos/eliteadmin-dark/form-basic.html]
[eliteadmin.themedesigner.in/demos/eliteadmin-dark/form-layout.html]
[eliteadmin.themedesigner.in/demos/eliteadmin-dark/form-advanced.html]
[eliteadmin.themedesigner.in/demos/eliteadmin-dark/form-material-elements.html]
[eliteadmin.themedesigner.in/demos/eliteadmin-dark/form-float-input.html]
[eliteadmin.themedesigner.in/demos/eliteadmin-dark/form-upload.html]
[eliteadmin.themedesigner.in/demos/eliteadmin-dark/form-mask.html]
[eliteadmin.themedesigner.in/demos/eliteadmin-dark/form-img-cropper.html]
[eliteadmin.themedesigner.in/demos/eliteadmin-dark/form-validation.html]
[eliteadmin.themedesigner.in/demos/eliteadmin-dark/form-dropzone.html]
[eliteadmin.themedesigner.in/demos/eliteadmin-dark/form-pickers.html]
[eliteadmin.themedesigner.in/demos/eliteadmin-dark/form-wizard.html]
[eliteadmin.themedesigner.in/demos/eliteadmin-dark/form-typehead.html]
[eliteadmin.themedesigner.in/demos/eliteadmin-dark/form-xeditable.html]
[eliteadmin.themedesigner.in/demos/eliteadmin-dark/form-summernote.html]
[eliteadmin.themedesigner.in/demos/eliteadmin-dark/form-bootstrap-wysihtml5.html]
[eliteadmin.themedesigner.in/demos/eliteadmin-dark/form-tinymce-wysihtml5.html]
[eliteadmin.themedesigner.in/demos/eliteadmin-dark/basic-table.html]
[eliteadmin.themedesigner.in/demos/eliteadmin-dark/table-layouts.html]
[eliteadmin.themedesigner.in/demos/eliteadmin-dark/data-table.html]
[eliteadmin.themedesigner.in/demos/eliteadmin-dark/bootstrap-tables.html]
[eliteadmin.themedesigner.in/demos/eliteadmin-dark/responsive-tables.html]
[eliteadmin.themedesigner.in/demos/eliteadmin-dark/editable-tables.html]
[eliteadmin.themedesigner.in/demos/eliteadmin-dark/foo-tables.html]
[eliteadmin.themedesigner.in/demos/eliteadmin-dark/jsgrid.html]
[eliteadmin.themedesigner.in/demos/eliteadmin-dark/flot.html]
[eliteadmin.themedesigner.in/demos/eliteadmin-dark/morris-chart.html]
[eliteadmin.themedesigner.in/demos/eliteadmin-dark/chart-js.html]
[eliteadmin.themedesigner.in/demos/eliteadmin-dark/peity-chart.html]
[eliteadmin.themedesigner.in/demos/eliteadmin-dark/knob-chart.html]
[eliteadmin.themedesigner.in/demos/eliteadmin-dark/sparkline-chart.html]
[eliteadmin.themedesigner.in/demos/eliteadmin-dark/extra-charts.html]
[eliteadmin.themedesigner.in/demos/plugins/images/users/varun.jpg]
[eliteadmin.themedesigner.in/demos/eliteadmin-dark/login.html]
[eliteadmin.themedesigner.in/demos/eliteadmin-dark/index2.html]
[eliteadmin.themedesigner.in/demos/eliteadmin-dark/index3.html]
[eliteadmin.themedesigner.in/demos/eliteadmin-dark/index4.html]
[eliteadmin.themedesigner.in/demos/eliteadmin-dark/inbox.html]
[eliteadmin.themedesigner.in/demos/eliteadmin-dark/chat.html]
[eliteadmin.themedesigner.in/demos/eliteadmin-dark/inbox-detail.html]
[eliteadmin.themedesigner.in/demos/eliteadmin-dark/compose.html]
[eliteadmin.themedesigner.in/demos/eliteadmin-dark/contact.html]
[eliteadmin.themedesigner.in/demos/eliteadmin-dark/contact2.html]
[eliteadmin.themedesigner.in/demos/eliteadmin-dark/contact-detail.html]
[eliteadmin.themedesigner.in/demos/eliteadmin-dark/panels-wells.html]
[eliteadmin.themedesigner.in/demos/eliteadmin-dark/panel-ui-block.html]
[eliteadmin.themedesigner.in/demos/eliteadmin-dark/buttons.html]
[eliteadmin.themedesigner.in/demos/eliteadmin-dark/sweatalert.html]
[eliteadmin.themedesigner.in/demos/eliteadmin-dark/typography.html]
[eliteadmin.themedesigner.in/demos/eliteadmin-dark/grid.html]
[eliteadmin.themedesigner.in/demos/eliteadmin-dark/tabs.html]
[eliteadmin.themedesigner.in/demos/eliteadmin-dark/tab-stylish.html]
[eliteadmin.themedesigner.in/demos/eliteadmin-dark/modals.html]
[eliteadmin.themedesigner.in/demos/eliteadmin-dark/progressbars.html]
[eliteadmin.themedesigner.in/demos/eliteadmin-dark/notification.html]
[eliteadmin.themedesigner.in/demos/eliteadmin-dark/carousel.html]
[eliteadmin.themedesigner.in/demos/eliteadmin-dark/list-style.html]
[eliteadmin.themedesigner.in/demos/eliteadmin-dark/user-cards.html]
[eliteadmin.themedesigner.in/demos/eliteadmin-dark/timeline.html]
[eliteadmin.themedesigner.in/demos/eliteadmin-dark/timeline-horizontal.html]
[eliteadmin.themedesigner.in/demos/eliteadmin-dark/nestable.html]
[eliteadmin.themedesigner.in/demos/eliteadmin-dark/range-slider.html]
[eliteadmin.themedesigner.in/demos/eliteadmin-dark/bootstrap.html]
[eliteadmin.themedesigner.in/demos/eliteadmin-dark/tooltip-stylish.html]
[eliteadmin.themedesigner.in/demos/eliteadmin-dark/forms.html]
[eliteadmin.themedesigner.in/demos/eliteadmin-dark/starter-page.html]
[eliteadmin.themedesigner.in/demos/eliteadmin-dark/blank.html]
[eliteadmin.themedesigner.in/demos/eliteadmin-dark/lightbox.html]
[eliteadmin.themedesigner.in/demos/eliteadmin-dark/treeview.html]
[eliteadmin.themedesigner.in/demos/eliteadmin-dark/search-result.html]
[eliteadmin.themedesigner.in/demos/eliteadmin-dark/utility-classes.html]
[eliteadmin.themedesigner.in/demos/eliteadmin-dark/custom-scroll.html]
[eliteadmin.themedesigner.in/demos/eliteadmin-dark/login2.html]
[eliteadmin.themedesigner.in/demos/eliteadmin-dark/animation.html]
[eliteadmin.themedesigner.in/demos/eliteadmin-dark/profile.html]
[eliteadmin.themedesigner.in/demos/eliteadmin-dark/invoice.html]
[eliteadmin.themedesigner.in/demos/eliteadmin-dark/faq.html]
[eliteadmin.themedesigner.in/demos/eliteadmin-dark/gallery.html]
[eliteadmin.themedesigner.in/demos/eliteadmin-dark/pricing.html]
[eliteadmin.themedesigner.in/demos/eliteadmin-dark/register.html]
[eliteadmin.themedesigner.in/demos/eliteadmin-dark/register2.html]
[eliteadmin.themedesigner.in/demos/eliteadmin-dark/register3.html]
[eliteadmin.themedesigner.in/demos/eliteadmin-dark/recoverpw.html]
[eliteadmin.themedesigner.in/demos/eliteadmin-dark/lock-screen.html]
[eliteadmin.themedesigner.in/demos/eliteadmin-dark/400.html]
[eliteadmin.themedesigner.in/demos/eliteadmin-dark/403.html]
[eliteadmin.themedesigner.in/demos/eliteadmin-dark/404.html]
[eliteadmin.themedesigner.in/demos/eliteadmin-dark/500.html]
[eliteadmin.themedesigner.in/demos/eliteadmin-dark/503.html]
[eliteadmin.themedesigner.in/demos/eliteadmin-dark/tables.html]
[eliteadmin.themedesigner.in/demos/eliteadmin-dark/widgets.html]
[eliteadmin.themedesigner.in/demos/eliteadmin-dark/fontawesome.html]
[eliteadmin.themedesigner.in/demos/eliteadmin-dark/themifyicon.html]
[eliteadmin.themedesigner.in/demos/eliteadmin-dark/simple-line.html]
[eliteadmin.themedesigner.in/demos/eliteadmin-dark/linea-icon.html]
[eliteadmin.themedesigner.in/demos/eliteadmin-dark/weather.html]
[eliteadmin.themedesigner.in/demos/eliteadmin-dark/map-google.html]
[eliteadmin.themedesigner.in/demos/eliteadmin-dark/map-vector.html]
[eliteadmin.themedesigner.in/demos/eliteadmin-dark/calendar.html]
[eliteadmin.themedesigner.in/demos/eliteadmin-dark/documentation.html]
[eliteadmin.themedesigner.in/demos/plugins/images/users/hritik.jpg]
[eliteadmin.themedesigner.in/demos/plugins/images/users/genu.jpg]
[eliteadmin.themedesigner.in/demos/plugins/images/users/ritesh.jpg]
[eliteadmin.themedesigner.in/demos/plugins/images/users/govinda.jpg]
[eliteadmin.themedesigner.in/demos/plugins/images/users/john.jpg]
[eliteadmin.themedesigner.in/demos/plugins/bower_components/jquery/dist/jquery.min.js]
[eliteadmin.themedesigner.in/demos/eliteadmin-dark/bootstrap/dist/js/bootstrap.min.js]
[eliteadmin.themedesigner.in/demos/plugins/bower_components/sidebar-nav/dist/sidebar-nav.min.js]
[eliteadmin.themedesigner.in/demos/eliteadmin-dark/js/jquery.slimscroll.js]
[eliteadmin.themedesigner.in/demos/eliteadmin-dark/js/waves.js]
[eliteadmin.themedesigner.in/demos/plugins/bower_components/waypoints/lib/jquery.waypoints.js]
[eliteadmin.themedesigner.in/demos/plugins/bower_components/counterup/jquery.counterup.min.js]
[eliteadmin.themedesigner.in/demos/plugins/bower_components/raphael/raphael-min.js]
[eliteadmin.themedesigner.in/demos/plugins/bower_components/morrisjs/morris.js]
[eliteadmin.themedesigner.in/demos/eliteadmin-dark/js/custom.min.js]
[eliteadmin.themedesigner.in/demos/eliteadmin-dark/js/dashboard1.js]
[eliteadmin.themedesigner.in/demos/plugins/bower_components/jquery-sparkline/jquery.sparkline.min.js]
[eliteadmin.themedesigner.in/demos/plugins/bower_components/jquery-sparkline/jquery.charts-sparkline.js]
[eliteadmin.themedesigner.in/demos/plugins/bower_components/toast-master/js/jquery.toast.js]
[eliteadmin.themedesigner.in/demos/plugins/bower_components/styleswitcher/jQuery.style.switcher.js]
[eliteadmin.themedesigner.in/demos/eliteadmin-dark/index.html]
[eliteadmin.themedesigner.in/demos/eliteadmin-dark/bootstrap/dist/fonts/glyphicons-halflings-regular.eot]
[eliteadmin.themedesigner.in/demos/eliteadmin-dark/bootstrap/dist/fonts/glyphicons-halflings-regular.woff2]
[eliteadmin.themedesigner.in/demos/eliteadmin-dark/bootstrap/dist/fonts/glyphicons-halflings-regulard41d.eot]
[eliteadmin.themedesigner.in/demos/eliteadmin-dark/bootstrap/dist/fonts/glyphicons-halflings-regular.woff]
[eliteadmin.themedesigner.in/demos/eliteadmin-dark/bootstrap/dist/fonts/glyphicons-halflings-regular.ttf]
[eliteadmin.themedesigner.in/demos/eliteadmin-dark/bootstrap/dist/css/bootstrap.min.css]
[eliteadmin.themedesigner.in/demos/plugins/bower_components/sidebar-nav/dist/sidebar-nav.min.css]
[eliteadmin.themedesigner.in/demos/plugins/bower_components/toast-master/css/jquery.toast.css]
[eliteadmin.themedesigner.in/demos/plugins/bower_components/morrisjs/morris.css]
[eliteadmin.themedesigner.in/demos/eliteadmin-dark/css/animate.css]
[eliteadmin.themedesigner.in/demos/plugins/images/error-bg.jpg]
[eliteadmin.themedesigner.in/demos/plugins/images/login-register.jpg]
[eliteadmin.themedesigner.in/demos/eliteadmin-dark/less/icons/font-awesome/fonts/fontawesome-webfont3295.eot]
[eliteadmin.themedesigner.in/demos/eliteadmin-dark/less/icons/font-awesome/fonts/fontawesome-webfontd41d.eot]
[eliteadmin.themedesigner.in/demos/eliteadmin-dark/less/icons/font-awesome/fonts/fontawesome-webfont3295.woff2]
[eliteadmin.themedesigner.in/demos/eliteadmin-dark/less/icons/font-awesome/fonts/fontawesome-webfont3295.woff]
[eliteadmin.themedesigner.in/demos/eliteadmin-dark/less/icons/font-awesome/fonts/fontawesome-webfont3295.ttf]
[eliteadmin.themedesigner.in/demos/eliteadmin-dark/less/icons/themify-icons/fonts/themify9f24.eot]
[eliteadmin.themedesigner.in/demos/eliteadmin-dark/less/icons/themify-icons/fonts/themifyd41d.eot]
[eliteadmin.themedesigner.in/demos/eliteadmin-dark/less/icons/themify-icons/fonts/themify9f24.woff]
[eliteadmin.themedesigner.in/demos/eliteadmin-dark/less/icons/themify-icons/fonts/themify9f24.ttf]
[eliteadmin.themedesigner.in/demos/eliteadmin-dark/less/icons/simple-line-icons/fonts/Simple-Line-Icons4c82.eot]
[eliteadmin.themedesigner.in/demos/eliteadmin-dark/less/icons/simple-line-icons/fonts/Simple-Line-Iconsd41d.eot]
[eliteadmin.themedesigner.in/demos/eliteadmin-dark/less/icons/simple-line-icons/fonts/Simple-Line-Icons4c82.ttf]
[eliteadmin.themedesigner.in/demos/eliteadmin-dark/less/icons/simple-line-icons/fonts/Simple-Line-Icons4c82.woff2]
[eliteadmin.themedesigner.in/demos/eliteadmin-dark/less/icons/simple-line-icons/fonts/Simple-Line-Icons4c82.woff]
[eliteadmin.themedesigner.in/demos/eliteadmin-dark/less/icons/weather-icons/font/weathericons-regular-webfont.eot]
[eliteadmin.themedesigner.in/demos/eliteadmin-dark/less/icons/weather-icons/font/weathericons-regular-webfont.woff2]
[eliteadmin.themedesigner.in/demos/eliteadmin-dark/less/icons/weather-icons/font/weathericons-regular-webfontd41d.eot]
[eliteadmin.themedesigner.in/demos/eliteadmin-dark/less/icons/weather-icons/font/weathericons-regular-webfont.woff]
[eliteadmin.themedesigner.in/demos/eliteadmin-dark/less/icons/weather-icons/font/weathericons-regular-webfont.ttf]
[eliteadmin.themedesigner.in/demos/eliteadmin-dark/less/icons/linea-icons/fonts/linea-arrows-10.eot]
[eliteadmin.themedesigner.in/demos/eliteadmin-dark/less/icons/linea-icons/fonts/linea-arrows-10.woff]
[eliteadmin.themedesigner.in/demos/eliteadmin-dark/less/icons/linea-icons/fonts/linea-arrows-10d41d.eot]
[eliteadmin.themedesigner.in/demos/eliteadmin-dark/less/icons/linea-icons/fonts/linea-arrows-10.ttf]
[eliteadmin.themedesigner.in/demos/eliteadmin-dark/less/icons/linea-icons/fonts/linea-basic-10.eot]
[eliteadmin.themedesigner.in/demos/eliteadmin-dark/less/icons/linea-icons/fonts/linea-basic-10.woff]
[eliteadmin.themedesigner.in/demos/eliteadmin-dark/less/icons/linea-icons/fonts/linea-basic-10.ttf]
[eliteadmin.themedesigner.in/demos/eliteadmin-dark/less/icons/linea-icons/fonts/linea-basic-10d41d.eot]
[eliteadmin.themedesigner.in/demos/eliteadmin-dark/less/icons/linea-icons/fonts/linea-basic-elaboration-10.eot]
[eliteadmin.themedesigner.in/demos/eliteadmin-dark/less/icons/linea-icons/fonts/linea-basic-elaboration-10.woff]
[eliteadmin.themedesigner.in/demos/eliteadmin-dark/less/icons/linea-icons/fonts/linea-basic-elaboration-10d41d.eot]
[eliteadmin.themedesigner.in/demos/eliteadmin-dark/less/icons/linea-icons/fonts/linea-basic-elaboration-10.ttf]
[eliteadmin.themedesigner.in/demos/eliteadmin-dark/less/icons/linea-icons/fonts/linea-ecommerce-10.eot]
[eliteadmin.themedesigner.in/demos/eliteadmin-dark/less/icons/linea-icons/fonts/linea-ecommerce-10.woff]
[eliteadmin.themedesigner.in/demos/eliteadmin-dark/less/icons/linea-icons/fonts/linea-ecommerce-10.ttf]
[eliteadmin.themedesigner.in/demos/eliteadmin-dark/less/icons/linea-icons/fonts/linea-ecommerce-10d41d.eot]
[eliteadmin.themedesigner.in/demos/eliteadmin-dark/less/icons/linea-icons/fonts/linea-music-10.eot]
[eliteadmin.themedesigner.in/demos/eliteadmin-dark/less/icons/linea-icons/fonts/linea-music-10d41d.eot]
[eliteadmin.themedesigner.in/demos/eliteadmin-dark/less/icons/linea-icons/fonts/linea-music-10.woff]
[eliteadmin.themedesigner.in/demos/eliteadmin-dark/less/icons/linea-icons/fonts/linea-music-10.ttf]
[eliteadmin.themedesigner.in/demos/eliteadmin-dark/less/icons/linea-icons/fonts/linea-software-10.eot]
[eliteadmin.themedesigner.in/demos/eliteadmin-dark/less/icons/linea-icons/fonts/linea-software-10.woff]
[eliteadmin.themedesigner.in/demos/eliteadmin-dark/less/icons/linea-icons/fonts/linea-software-10d41d.eot]
[eliteadmin.themedesigner.in/demos/eliteadmin-dark/less/icons/linea-icons/fonts/linea-software-10.ttf]
[eliteadmin.themedesigner.in/demos/eliteadmin-dark/less/icons/linea-icons/fonts/linea-weather-10.eot]
[eliteadmin.themedesigner.in/demos/eliteadmin-dark/less/icons/linea-icons/fonts/linea-weather-10.woff]
[eliteadmin.themedesigner.in/demos/eliteadmin-dark/less/icons/linea-icons/fonts/linea-weather-10.ttf]
[eliteadmin.themedesigner.in/demos/eliteadmin-dark/less/icons/linea-icons/fonts/linea-weather-10d41d.eot]
[eliteadmin.themedesigner.in/demos/eliteadmin-dark/css/style.css]
[eliteadmin.themedesigner.in/demos/eliteadmin-dark/css/colors/default-dark.css]
[eliteadmin.themedesigner.in/demos/eliteadmin-dark/index-2.html]
[eliteadmin.themedesigner.in/demos/eliteadmin-dark/js/jasny-bootstrap.js]
[eliteadmin.themedesigner.in/demos/eliteadmin-dark/form-basic.html]
[eliteadmin.themedesigner.in/demos/eliteadmin-dark/form-layout.html]
[eliteadmin.themedesigner.in/demos/plugins/bower_components/switchery/dist/switchery.min.js]
[eliteadmin.themedesigner.in/demos/plugins/bower_components/custom-select/custom-select.min.js]
[eliteadmin.themedesigner.in/demos/plugins/bower_components/bootstrap-select/bootstrap-select.min.js]
[eliteadmin.themedesigner.in/demos/plugins/bower_components/bootstrap-tagsinput/dist/bootstrap-tagsinput.min.js]
[eliteadmin.themedesigner.in/demos/plugins/bower_components/bootstrap-touchspin/dist/jquery.bootstrap-touchspin.min.js]
[eliteadmin.themedesigner.in/demos/plugins/bower_components/multiselect/js/jquery.multi-select.js]
[eliteadmin.themedesigner.in/demos/eliteadmin-dark/form-advanced.html]
[eliteadmin.themedesigner.in/demos/eliteadmin-dark/form-material-elements.html]
[eliteadmin.themedesigner.in/demos/eliteadmin-dark/form-float-input.html]
[eliteadmin.themedesigner.in/demos/plugins/bower_components/dropify/src/images/test-image-1.jpg]
[eliteadmin.themedesigner.in/demos/plugins/bower_components/dropify/src/images/test-image-2.jpg]
[eliteadmin.themedesigner.in/demos/plugins/bower_components/dropify/dist/js/dropify.min.js]
[eliteadmin.themedesigner.in/demos/eliteadmin-dark/form-upload.html]
[eliteadmin.themedesigner.in/demos/eliteadmin-dark/js/mask.js]
[eliteadmin.themedesigner.in/demos/eliteadmin-dark/form-mask.html]
[eliteadmin.themedesigner.in/demos/plugins/images/big/img1.jpg]
[eliteadmin.themedesigner.in/demos/plugins/bower_components/cropper/cropper.min.js]
[eliteadmin.themedesigner.in/demos/plugins/bower_components/cropper/cropper-init.js]
[eliteadmin.themedesigner.in/demos/eliteadmin-dark/form-img-cropper.html]
[eliteadmin.themedesigner.in/demos/eliteadmin-dark/js/validator.js]
[eliteadmin.themedesigner.in/demos/eliteadmin-dark/form-validation.html]
[eliteadmin.themedesigner.in/demos/plugins/bower_components/dropzone-master/dist/dropzone.js]
[eliteadmin.themedesigner.in/demos/eliteadmin-dark/form-dropzone.html]
[eliteadmin.themedesigner.in/demos/plugins/bower_components/moment/moment.js]
[eliteadmin.themedesigner.in/demos/plugins/bower_components/clockpicker/dist/jquery-clockpicker.min.js]
[eliteadmin.themedesigner.in/demos/plugins/bower_components/jquery-asColorPicker-master/libs/jquery-asColor.js]
[eliteadmin.themedesigner.in/demos/plugins/bower_components/jquery-asColorPicker-master/libs/jquery-asGradient.js]
[eliteadmin.themedesigner.in/demos/plugins/bower_components/jquery-asColorPicker-master/dist/jquery-asColorPicker.min.js]
[eliteadmin.themedesigner.in/demos/plugins/bower_components/bootstrap-datepicker/bootstrap-datepicker.min.js]
[eliteadmin.themedesigner.in/demos/plugins/bower_components/timepicker/bootstrap-timepicker.min.js]
[eliteadmin.themedesigner.in/demos/plugins/bower_components/bootstrap-daterangepicker/daterangepicker.js]
[eliteadmin.themedesigner.in/demos/eliteadmin-dark/form-pickers.html]
[eliteadmin.themedesigner.in/demos/plugins/bower_components/jquery-wizard-master/dist/jquery-wizard.min.js]
[eliteadmin.themedesigner.in/demos/plugins/bower_components/jquery-wizard-master/libs/formvalidation/formValidation.min.js]
[eliteadmin.themedesigner.in/demos/plugins/bower_components/jquery-wizard-master/libs/formvalidation/bootstrap.min.js]
[eliteadmin.themedesigner.in/demos/eliteadmin-dark/form-wizard.html]
[eliteadmin.themedesigner.in/demos/plugins/bower_components/typeahead.js-master/dist/typeahead.bundle.min.js]
[eliteadmin.themedesigner.in/demos/plugins/bower_components/typeahead.js-master/dist/typeahead-init.js]
[eliteadmin.themedesigner.in/demos/eliteadmin-dark/form-typehead.html]
[eliteadmin.themedesigner.in/demos/plugins/bower_components/x-editable/dist/bootstrap3-editable/js/bootstrap-editable.min.js]
[eliteadmin.themedesigner.in/demos/eliteadmin-dark/form-xeditable.html]
[eliteadmin.themedesigner.in/demos/plugins/bower_components/summernote/dist/summernote.min.js]
[eliteadmin.themedesigner.in/demos/eliteadmin-dark/form-summernote.html]
[eliteadmin.themedesigner.in/demos/plugins/bower_components/html5-editor/wysihtml5-0.3.0.js]
[eliteadmin.themedesigner.in/demos/plugins/bower_components/html5-editor/bootstrap-wysihtml5.js]
[eliteadmin.themedesigner.in/demos/eliteadmin-dark/form-bootstrap-wysihtml5.html]
[eliteadmin.themedesigner.in/demos/plugins/bower_components/tinymce/tinymce.min.js]
[eliteadmin.themedesigner.in/demos/eliteadmin-dark/form-tinymce-wysihtml5.html]
[eliteadmin.themedesigner.in/demos/plugins/bower_components/peity/jquery.peity.min.js]
[eliteadmin.themedesigner.in/demos/plugins/bower_components/peity/jquery.peity.init.js]
[eliteadmin.themedesigner.in/demos/eliteadmin-dark/basic-table.html]
[eliteadmin.themedesigner.in/demos/eliteadmin-dark/table-layouts.html]
[cdn.datatables.net/buttons/1.2.2/css/buttons.dataTables.min.css]
[eliteadmin.themedesigner.in/demos/plugins/bower_components/datatables/jquery.dataTables.min.js]
[cdn.datatables.net/buttons/1.2.2/js/dataTables.buttons.min.js]
[cdn.datatables.net/buttons/1.2.2/js/buttons.flash.min.js]
[cdnjs.cloudflare.com/ajax/libs/jszip/2.5.0/jszip.min.js]
[cdn.rawgit.com/bpampuch/pdfmake/0.1.18/build/pdfmake.min.js]
[cdn.datatables.net/buttons/1.2.2/js/buttons.html5.min.js]
[cdn.datatables.net/buttons/1.2.2/js/buttons.print.min.js]
[eliteadmin.themedesigner.in/demos/eliteadmin-dark/data-table.html]
[eliteadmin.themedesigner.in/demos/plugins/bower_components/bootstrap-table/dist/bootstrap-table.min.js]
[eliteadmin.themedesigner.in/demos/plugins/bower_components/bootstrap-table/dist/bootstrap-table.ints.js]
[eliteadmin.themedesigner.in/demos/eliteadmin-dark/bootstrap-tables.html]
[eliteadmin.themedesigner.in/demos/plugins/bower_components/tablesaw-master/dist/tablesaw.js]
[eliteadmin.themedesigner.in/demos/plugins/bower_components/tablesaw-master/dist/tablesaw-init.js]
[eliteadmin.themedesigner.in/demos/eliteadmin-dark/responsive-tables.html]
[eliteadmin.themedesigner.in/demos/plugins/bower_components/jquery-datatables-editable/jquery.dataTables.js]
[eliteadmin.themedesigner.in/demos/plugins/bower_components/datatables/dataTables.bootstrap.js]
[eliteadmin.themedesigner.in/demos/plugins/bower_components/tiny-editable/mindmup-editabletable.js]
[eliteadmin.themedesigner.in/demos/plugins/bower_components/tiny-editable/numeric-input-example.js]
[eliteadmin.themedesigner.in/demos/eliteadmin-dark/editable-tables.html]
[eliteadmin.themedesigner.in/demos/plugins/bower_components/footable/js/footable.all.min.js]
[eliteadmin.themedesigner.in/demos/eliteadmin-dark/js/footable-init.js]
[eliteadmin.themedesigner.in/demos/eliteadmin-dark/foo-tables.html]
[eliteadmin.themedesigner.in/demos/plugins/bower_components/jsgrid/db.js]
[eliteadmin.themedesigner.in/demos/plugins/bower_components/jsgrid/dist/jsgrid.min.js]
[eliteadmin.themedesigner.in/demos/eliteadmin-dark/js/jsgrid-init.js]
[eliteadmin.themedesigner.in/demos/eliteadmin-dark/jsgrid.html]
[eliteadmin.themedesigner.in/demos/plugins/bower_components/flot/excanvas.min.js]
[eliteadmin.themedesigner.in/demos/plugins/bower_components/flot/jquery.flot.js]
[eliteadmin.themedesigner.in/demos/plugins/bower_components/flot/jquery.flot.pie.js]
[eliteadmin.themedesigner.in/demos/plugins/bower_components/flot/jquery.flot.time.js]
[cdn.rawgit.com/bpampuch/pdfmake/0.1.18/build/vfs_fonts.js]
[eliteadmin.themedesigner.in/demos/plugins/bower_components/flot/jquery.flot.stack.js]
[eliteadmin.themedesigner.in/demos/plugins/bower_components/flot/jquery.flot.crosshair.js]
[eliteadmin.themedesigner.in/demos/plugins/bower_components/flot.tooltip/js/jquery.flot.tooltip.min.js]
[eliteadmin.themedesigner.in/demos/eliteadmin-dark/js/flot-data.js]
[eliteadmin.themedesigner.in/demos/eliteadmin-dark/flot.html]
[eliteadmin.themedesigner.in/demos/eliteadmin-dark/js/morris-data.js]
[eliteadmin.themedesigner.in/demos/eliteadmin-dark/morris-chart.html]
[eliteadmin.themedesigner.in/demos/eliteadmin-dark/js/chartjs.init.js]
[eliteadmin.themedesigner.in/demos/plugins/bower_components/Chart.js/Chart.min.js]
[eliteadmin.themedesigner.in/demos/eliteadmin-dark/chart-js.html]
[eliteadmin.themedesigner.in/demos/eliteadmin-dark/peity-chart.html]
[eliteadmin.themedesigner.in/demos/plugins/bower_components/knob/jquery.knob.js]
[eliteadmin.themedesigner.in/demos/eliteadmin-dark/knob-chart.html]
[eliteadmin.themedesigner.in/demos/eliteadmin-dark/sparkline-chart.html]
[eliteadmin.themedesigner.in/demos/plugins/bower_components/jquery.easy-pie-chart/dist/jquery.easypiechart.min.js]
[eliteadmin.themedesigner.in/demos/plugins/bower_components/jquery.easy-pie-chart/easy-pie-chart.init.js]
[eliteadmin.themedesigner.in/demos/eliteadmin-dark/extra-charts.html]
[eliteadmin.themedesigner.in/demos/eliteadmin-dark/login.html]
[eliteadmin.themedesigner.in/demos/plugins/images/large/img1.jpg]
[eliteadmin.themedesigner.in/demos/plugins/bower_components/vectormap/jquery-jvectormap-2.0.2.min.js]
[eliteadmin.themedesigner.in/demos/plugins/bower_components/vectormap/jquery-jvectormap-world-mill-en.js]
[eliteadmin.themedesigner.in/demos/eliteadmin-dark/js/dashboard2.js]
[eliteadmin.themedesigner.in/demos/eliteadmin-dark/index2.html]
[eliteadmin.themedesigner.in/demos/plugins/images/news/slide1.jpg]
[eliteadmin.themedesigner.in/demos/eliteadmin-dark/js/dashboard3.js]
[eliteadmin.themedesigner.in/demos/eliteadmin-dark/index3.html]
[eliteadmin.themedesigner.in/demos/plugins/bower_components/skycons/skycons.js]
[eliteadmin.themedesigner.in/demos/eliteadmin-dark/js/dashboard4.js]
[eliteadmin.themedesigner.in/demos/eliteadmin-dark/index4.html]
[eliteadmin.themedesigner.in/demos/eliteadmin-dark/inbox.html]
[eliteadmin.themedesigner.in/demos/eliteadmin-dark/js/chat.js]
[eliteadmin.themedesigner.in/demos/eliteadmin-dark/chat.html]
[eliteadmin.themedesigner.in/demos/plugins/images/img1.jpg]
[eliteadmin.themedesigner.in/demos/plugins/images/img2.jpg]
[eliteadmin.themedesigner.in/demos/plugins/images/img3.jpg]
[eliteadmin.themedesigner.in/demos/eliteadmin-dark/inbox-detail.html]
[eliteadmin.themedesigner.in/demos/eliteadmin-dark/compose.html]
[eliteadmin.themedesigner.in/demos/plugins/images/users/salman.jpg]
[eliteadmin.themedesigner.in/demos/eliteadmin-dark/contact.html]
[eliteadmin.themedesigner.in/demos/eliteadmin-dark/contact2.html]
[eliteadmin.themedesigner.in/demos/eliteadmin-dark/contact-detail.html]
[eliteadmin.themedesigner.in/demos/eliteadmin-dark/panels-wells.html]
[eliteadmin.themedesigner.in/demos/plugins/bower_components/blockUI/jquery.blockUI.js]
[eliteadmin.themedesigner.in/demos/eliteadmin-dark/panel-ui-block.html]
[eliteadmin.themedesigner.in/demos/eliteadmin-dark/buttons.html]
[eliteadmin.themedesigner.in/demos/plugins/images/alert.png]
[eliteadmin.themedesigner.in/demos/plugins/images/alert2.png]
[eliteadmin.themedesigner.in/demos/plugins/images/alert3.png]
[eliteadmin.themedesigner.in/demos/plugins/images/alert4.png]
[eliteadmin.themedesigner.in/demos/plugins/images/alert5.png]
[eliteadmin.themedesigner.in/demos/plugins/images/alert7.png]
[eliteadmin.themedesigner.in/demos/plugins/images/alert6.png]
[eliteadmin.themedesigner.in/demos/plugins/bower_components/sweetalert/sweetalert.min.js]
[eliteadmin.themedesigner.in/demos/plugins/bower_components/sweetalert/jquery.sweet-alert.custom.js]
[eliteadmin.themedesigner.in/demos/eliteadmin-dark/sweatalert.html]
[eliteadmin.themedesigner.in/demos/eliteadmin-dark/typography.html]
[eliteadmin.themedesigner.in/demos/eliteadmin-dark/grid.html]
[eliteadmin.themedesigner.in/demos/plugins/images/large/img2.jpg]
[eliteadmin.themedesigner.in/demos/plugins/images/large/img3.jpg]
[eliteadmin.themedesigner.in/demos/plugins/images/large/img4.jpg]
[eliteadmin.themedesigner.in/demos/plugins/images/large/img5.jpg]
[eliteadmin.themedesigner.in/demos/plugins/images/large/img6.jpg]
[eliteadmin.themedesigner.in/demos/eliteadmin-dark/tabs.html]
[eliteadmin.themedesigner.in/demos/eliteadmin-dark/js/cbpFWTabs.js]
[eliteadmin.themedesigner.in/demos/eliteadmin-dark/tab-stylish.html]
[eliteadmin.themedesigner.in/demos/plugins/images/model2.png]
[eliteadmin.themedesigner.in/demos/plugins/images/model.png]
[eliteadmin.themedesigner.in/demos/plugins/images/model3.png]
[eliteadmin.themedesigner.in/demos/eliteadmin-dark/modals.html]
[eliteadmin.themedesigner.in/demos/eliteadmin-dark/progressbars.html]
[eliteadmin.themedesigner.in/demos/eliteadmin-dark/js/toastr.js]
[eliteadmin.themedesigner.in/demos/eliteadmin-dark/notification.html]
[eliteadmin.themedesigner.in/demos/plugins/images/heading-bg/slide2.jpg]
[eliteadmin.themedesigner.in/demos/plugins/images/heading-bg/slide3.jpg]
[eliteadmin.themedesigner.in/demos/plugins/images/heading-bg/slide4.jpg]
[eliteadmin.themedesigner.in/demos/plugins/images/heading-bg/slide6.jpg]
[eliteadmin.themedesigner.in/demos/plugins/images/heading-bg/slide1.jpg]
[eliteadmin.themedesigner.in/demos/plugins/images/big/img2.jpg]
[eliteadmin.themedesigner.in/demos/plugins/images/big/img3.jpg]
[eliteadmin.themedesigner.in/demos/plugins/images/big/img4.jpg]
[eliteadmin.themedesigner.in/demos/plugins/images/big/img5.jpg]
[eliteadmin.themedesigner.in/demos/plugins/images/big/img6.jpg]
[eliteadmin.themedesigner.in/demos/plugins/bower_components/owl.carousel/owl.carousel.min.js]
[eliteadmin.themedesigner.in/demos/plugins/bower_components/owl.carousel/owl.custom.js]
[eliteadmin.themedesigner.in/demos/eliteadmin-dark/carousel.html]
[eliteadmin.themedesigner.in/demos/eliteadmin-dark/list-style.html]
[eliteadmin.themedesigner.in/demos/plugins/images/users/1.jpg]
[eliteadmin.themedesigner.in/demos/plugins/images/users/2.jpg]
[eliteadmin.themedesigner.in/demos/plugins/images/users/3.jpg]
[eliteadmin.themedesigner.in/demos/plugins/images/users/4.jpg]
[eliteadmin.themedesigner.in/demos/plugins/images/users/5.jpg]
[eliteadmin.themedesigner.in/demos/plugins/images/users/6.jpg]
[eliteadmin.themedesigner.in/demos/plugins/images/users/7.jpg]
[eliteadmin.themedesigner.in/demos/plugins/images/users/8.jpg]
[eliteadmin.themedesigner.in/demos/plugins/bower_components/Magnific-Popup-master/dist/jquery.magnific-popup.min.js]
[eliteadmin.themedesigner.in/demos/plugins/bower_components/Magnific-Popup-master/dist/jquery.magnific-popup-init.js]
[eliteadmin.themedesigner.in/demos/eliteadmin-dark/user-cards.html]
[eliteadmin.themedesigner.in/demos/eliteadmin-dark/timeline.html]
[eliteadmin.themedesigner.in/demos/plugins/bower_components/horizontal-timeline/js/horizontal-timeline.js]
[eliteadmin.themedesigner.in/demos/eliteadmin-dark/timeline-horizontal.html]
[eliteadmin.themedesigner.in/demos/plugins/bower_components/nestable/jquery.nestable.js]
[eliteadmin.themedesigner.in/demos/eliteadmin-dark/nestable.html]
[eliteadmin.themedesigner.in/demos/plugins/bower_components/ion-rangeslider/js/ion-rangeSlider/ion.rangeSlider.min.js]
[eliteadmin.themedesigner.in/demos/plugins/bower_components/ion-rangeslider/js/ion-rangeSlider/ion.rangeSlider-init.js]
[eliteadmin.themedesigner.in/demos/eliteadmin-dark/range-slider.html]
[eliteadmin.themedesigner.in/demos/plugins/images/big/circle.jpg]
[eliteadmin.themedesigner.in/demos/eliteadmin-dark/bootstrap.html]
[eliteadmin.themedesigner.in/demos/plugins/images/tooltip/Euclid.png]
[eliteadmin.themedesigner.in/demos/eliteadmin-dark/tooltip-stylish.html]
[eliteadmin.themedesigner.in/demos/eliteadmin-dark/forms.html]
[eliteadmin.themedesigner.in/demos/eliteadmin-dark/starter-page.html]
[eliteadmin.themedesigner.in/demos/eliteadmin-dark/blank.html]
[eliteadmin.themedesigner.in/demos/eliteadmin-dark/www.youtube.com/watch7d1c]
[eliteadmin.themedesigner.in/demos/eliteadmin-dark/lightbox.html]
[eliteadmin.themedesigner.in/demos/plugins/bower_components/bootstrap-treeview-master/dist/bootstrap-treeview.min.js]
[eliteadmin.themedesigner.in/demos/plugins/bower_components/bootstrap-treeview-master/dist/bootstrap-treeview-init.js]
[eliteadmin.themedesigner.in/demos/eliteadmin-dark/treeview.html]
[eliteadmin.themedesigner.in/demos/eliteadmin-dark/search-result.html]
[eliteadmin.themedesigner.in/demos/eliteadmin-dark/utility-classes.html]
[eliteadmin.themedesigner.in/demos/eliteadmin-dark/custom-scroll.html]
[eliteadmin.themedesigner.in/demos/eliteadmin-dark/login2.html]
[eliteadmin.themedesigner.in/demos/eliteadmin-dark/animation.html]
[eliteadmin.themedesigner.in/demos/eliteadmin-dark/profile.html]
[eliteadmin.themedesigner.in/demos/eliteadmin-dark/js/jquery.PrintArea.js]
[eliteadmin.themedesigner.in/demos/eliteadmin-dark/invoice.html]
[eliteadmin.themedesigner.in/demos/eliteadmin-dark/faq.html]
[eliteadmin.themedesigner.in/demos/plugins/images/assets/studio1.jpg]
[eliteadmin.themedesigner.in/demos/plugins/images/assets/landscape1.jpg]
[eliteadmin.themedesigner.in/demos/plugins/images/assets/studio2.jpg]
[eliteadmin.themedesigner.in/demos/plugins/images/assets/studio25.jpg]
[eliteadmin.themedesigner.in/demos/plugins/images/assets/landscape2.jpg]
[eliteadmin.themedesigner.in/demos/plugins/images/assets/studio27.jpg]
[eliteadmin.themedesigner.in/demos/plugins/images/assets/studio3.jpg]
[eliteadmin.themedesigner.in/demos/plugins/images/assets/landscape3.jpg]
[eliteadmin.themedesigner.in/demos/plugins/images/assets/studio26.jpg]
[eliteadmin.themedesigner.in/demos/plugins/images/assets/studio4.jpg]
[eliteadmin.themedesigner.in/demos/plugins/images/assets/landscape4.jpg]
[eliteadmin.themedesigner.in/demos/plugins/images/assets/studio5.jpg]
[eliteadmin.themedesigner.in/demos/plugins/images/assets/landscape5.jpg]
[eliteadmin.themedesigner.in/demos/plugins/images/assets/studio6.jpg]
[eliteadmin.themedesigner.in/demos/plugins/images/assets/landscape6.jpg]
[eliteadmin.themedesigner.in/demos/plugins/images/assets/studio7.jpg]
[eliteadmin.themedesigner.in/demos/plugins/images/assets/landscape7.jpg]
[eliteadmin.themedesigner.in/demos/plugins/images/assets/studio8.jpg]
[eliteadmin.themedesigner.in/demos/plugins/images/assets/landscape8.jpg]
[eliteadmin.themedesigner.in/demos/plugins/images/assets/studio9.jpg]
[eliteadmin.themedesigner.in/demos/plugins/images/assets/landscape9.jpg]
[eliteadmin.themedesigner.in/demos/plugins/images/assets/studio10.jpg]
[eliteadmin.themedesigner.in/demos/plugins/images/assets/landscape10.jpg]
[eliteadmin.themedesigner.in/demos/plugins/images/assets/studio11.jpg]
[eliteadmin.themedesigner.in/demos/plugins/images/assets/landscape11.jpg]
[eliteadmin.themedesigner.in/demos/plugins/images/assets/studio12.jpg]
[eliteadmin.themedesigner.in/demos/plugins/images/assets/landscape12.jpg]
[eliteadmin.themedesigner.in/demos/plugins/images/assets/studio13.jpg]
[eliteadmin.themedesigner.in/demos/plugins/images/assets/landscape13.jpg]
[eliteadmin.themedesigner.in/demos/plugins/images/assets/studio14.jpg]
[eliteadmin.themedesigner.in/demos/plugins/images/assets/landscape14.jpg]
[eliteadmin.themedesigner.in/demos/plugins/images/assets/studio15.jpg]
[eliteadmin.themedesigner.in/demos/plugins/images/assets/landscape15.jpg]
[eliteadmin.themedesigner.in/demos/plugins/images/assets/studio16.jpg]
[eliteadmin.themedesigner.in/demos/plugins/images/assets/landscape16.jpg]
[eliteadmin.themedesigner.in/demos/plugins/images/assets/studio17.jpg]
[eliteadmin.themedesigner.in/demos/plugins/images/assets/landscape17.jpg]
[eliteadmin.themedesigner.in/demos/plugins/images/assets/studio18.jpg]
[eliteadmin.themedesigner.in/demos/plugins/images/assets/landscape18.jpg]
[eliteadmin.themedesigner.in/demos/plugins/images/assets/studio19.jpg]
[eliteadmin.themedesigner.in/demos/plugins/images/assets/studio20.jpg]
[eliteadmin.themedesigner.in/demos/plugins/images/assets/studio21.jpg]
[eliteadmin.themedesigner.in/demos/plugins/images/assets/studio22.jpg]
[eliteadmin.themedesigner.in/demos/plugins/images/assets/studio23.jpg]
[eliteadmin.themedesigner.in/demos/plugins/images/assets/studio24.jpg]
[eliteadmin.themedesigner.in/demos/plugins/bower_components/gallery/js/animated-masonry-gallery.js]
[eliteadmin.themedesigner.in/demos/plugins/bower_components/gallery/js/jquery.isotope.min.js]
[eliteadmin.themedesigner.in/demos/plugins/bower_components/fancybox/ekko-lightbox.min.js]
[eliteadmin.themedesigner.in/demos/eliteadmin-dark/gallery.html]
[eliteadmin.themedesigner.in/demos/eliteadmin-dark/pricing.html]
[eliteadmin.themedesigner.in/demos/eliteadmin-dark/register.html]
[eliteadmin.themedesigner.in/demos/eliteadmin-dark/register2.html]
[eliteadmin.themedesigner.in/demos/plugins/bower_components/register-steps/jquery.easing.min.js]
[eliteadmin.themedesigner.in/demos/plugins/bower_components/register-steps/register-init.js]
[eliteadmin.themedesigner.in/demos/eliteadmin-dark/register3.html]
[eliteadmin.themedesigner.in/demos/eliteadmin-dark/recoverpw.html]
[eliteadmin.themedesigner.in/demos/eliteadmin-dark/lock-screen.html]
[eliteadmin.themedesigner.in/demos/eliteadmin-dark/400.html]
[eliteadmin.themedesigner.in/demos/eliteadmin-dark/403.html]
[eliteadmin.themedesigner.in/demos/eliteadmin-dark/404.html]
[eliteadmin.themedesigner.in/demos/eliteadmin-dark/500.html]
[eliteadmin.themedesigner.in/demos/eliteadmin-dark/503.html]
[eliteadmin.themedesigner.in/demos/eliteadmin-dark/tables.html]
[eliteadmin.themedesigner.in/demos/eliteadmin-dark/js/widget.js]
[eliteadmin.themedesigner.in/demos/eliteadmin-dark/widgets.html]
[eliteadmin.themedesigner.in/demos/eliteadmin-dark/fontawesome.html]
[eliteadmin.themedesigner.in/demos/eliteadmin-dark/themifyicon.html]
[eliteadmin.themedesigner.in/demos/eliteadmin-dark/simple-line.html]
[eliteadmin.themedesigner.in/demos/eliteadmin-dark/linea-icon.html]
[eliteadmin.themedesigner.in/demos/eliteadmin-dark/weather.html]
[eliteadmin.themedesigner.in/demos/plugins/bower_components/gmaps/gmaps.min.js]
[eliteadmin.themedesigner.in/demos/plugins/bower_components/gmaps/jquery.gmaps.js]
[eliteadmin.themedesigner.in/demos/eliteadmin-dark/map-google.html]
[eliteadmin.themedesigner.in/demos/plugins/bower_components/vectormap/jquery-jvectormap-in-mill.js]
[eliteadmin.themedesigner.in/demos/plugins/bower_components/vectormap/jquery-jvectormap-us-aea-en.js]
[eliteadmin.themedesigner.in/demos/plugins/bower_components/vectormap/jquery-jvectormap-uk-mill-en.js]
[eliteadmin.themedesigner.in/demos/plugins/bower_components/vectormap/jquery-jvectormap-au-mill.js]
[eliteadmin.themedesigner.in/demos/eliteadmin-dark/js/jvectormap.custom.js]
[eliteadmin.themedesigner.in/demos/eliteadmin-dark/map-vector.html]
[eliteadmin.themedesigner.in/demos/plugins/bower_components/calendar/jquery-ui.min.js]
[eliteadmin.themedesigner.in/demos/plugins/bower_components/calendar/dist/fullcalendar.min.js]
[eliteadmin.themedesigner.in/demos/plugins/bower_components/calendar/dist/jquery.fullcalendar.js]
[eliteadmin.themedesigner.in/demos/eliteadmin-dark/calendar.html]
[eliteadmin.themedesigner.in/demos/plugins/images/docs/template-structure.jpg]
[eliteadmin.themedesigner.in/demos/plugins/images/docs/sidebar.jpg]
[eliteadmin.themedesigner.in/demos/eliteadmin-dark/documentation.html]
[eliteadmin.themedesigner.in/demos/eliteadmin-dark/bootstrap/dist/fonts/glyphicons-halflings-regular.svg]
[eliteadmin.themedesigner.in/demos/eliteadmin-dark/css/spinners.css]
[eliteadmin.themedesigner.in/demos/eliteadmin-dark/less/icons/font-awesome/fonts/fontawesome-webfont3295.svg]
[eliteadmin.themedesigner.in/demos/eliteadmin-dark/less/icons/themify-icons/fonts/themify9f24.svg]
[eliteadmin.themedesigner.in/demos/eliteadmin-dark/less/icons/simple-line-icons/fonts/Simple-Line-Icons4c82.svg]
[eliteadmin.themedesigner.in/demos/eliteadmin-dark/less/icons/weather-icons/font/weathericons-regular-webfont.svg]
[eliteadmin.themedesigner.in/demos/eliteadmin-dark/less/icons/linea-icons/fonts/linea-arrows-10.svg]
[eliteadmin.themedesigner.in/demos/eliteadmin-dark/less/icons/linea-icons/fonts/linea-basic-10.svg]
[eliteadmin.themedesigner.in/demos/eliteadmin-dark/less/icons/linea-icons/fonts/linea-basic-elaboration-10.svg]
[eliteadmin.themedesigner.in/demos/eliteadmin-dark/less/icons/linea-icons/fonts/linea-ecommerce-10.svg]
[eliteadmin.themedesigner.in/demos/eliteadmin-dark/less/icons/linea-icons/fonts/linea-music-10.svg]
[eliteadmin.themedesigner.in/demos/eliteadmin-dark/less/icons/linea-icons/fonts/linea-software-10.svg]
[eliteadmin.themedesigner.in/demos/eliteadmin-dark/less/icons/linea-icons/fonts/linea-weather-10.svg]
[eliteadmin.themedesigner.in/demos/plugins/bower_components/bootstrap-datepicker/bootstrap-datepicker.min.css]
[eliteadmin.themedesigner.in/demos/plugins/bower_components/custom-select/select2.png]
[eliteadmin.themedesigner.in/demos/plugins/bower_components/custom-select/custom-select.css]
[eliteadmin.themedesigner.in/demos/plugins/bower_components/switchery/dist/switchery.min.css]
[eliteadmin.themedesigner.in/demos/plugins/bower_components/bootstrap-select/bootstrap-select.min.css]
[eliteadmin.themedesigner.in/demos/plugins/bower_components/bootstrap-tagsinput/dist/bootstrap-tagsinput.css]
[eliteadmin.themedesigner.in/demos/plugins/bower_components/bootstrap-touchspin/dist/jquery.bootstrap-touchspin.min.css]
[eliteadmin.themedesigner.in/demos/plugins/bower_components/multiselect/img/switch.png]
[eliteadmin.themedesigner.in/demos/plugins/bower_components/multiselect/css/multi-select.css]
[eliteadmin.themedesigner.in/demos/plugins/bower_components/dropify/dist/css/dropify.min.css]
[eliteadmin.themedesigner.in/demos/plugins/bower_components/cropper/cropper.min.css]
[eliteadmin.themedesigner.in/demos/eliteadmin-dark/cropped.html]
[eliteadmin.themedesigner.in/demos/plugins/bower_components/dropzone-master/dist/dropzone.css]
[eliteadmin.themedesigner.in/demos/plugins/bower_components/clockpicker/dist/jquery-clockpicker.min.css]
[eliteadmin.themedesigner.in/demos/plugins/bower_components/jquery-asColorPicker-master/images/transparent.png]
[eliteadmin.themedesigner.in/demos/plugins/bower_components/jquery-asColorPicker-master/images/saturation.png]
[eliteadmin.themedesigner.in/demos/plugins/bower_components/jquery-asColorPicker-master/images/hue.png]
[eliteadmin.themedesigner.in/demos/plugins/bower_components/jquery-asColorPicker-master/images/alpha.png]
[eliteadmin.themedesigner.in/demos/plugins/bower_components/jquery-asColorPicker-master/css/asColorPicker.css]
[eliteadmin.themedesigner.in/demos/plugins/bower_components/timepicker/bootstrap-timepicker.min.css]
[eliteadmin.themedesigner.in/demos/plugins/bower_components/bootstrap-daterangepicker/daterangepicker.css]
[eliteadmin.themedesigner.in/demos/plugins/bower_components/jquery-wizard-master/css/wizard.css]
[eliteadmin.themedesigner.in/demos/plugins/bower_components/jquery-wizard-master/libs/formvalidation/formValidation.min.css]
[eliteadmin.themedesigner.in/demos/plugins/bower_components/typeahead.js-master/dist/typehead-min.css]
[eliteadmin.themedesigner.in/demos/plugins/bower_components/x-editable/dist/bootstrap3-editable/img/loading.gif]
[eliteadmin.themedesigner.in/demos/plugins/bower_components/x-editable/dist/bootstrap3-editable/img/clear.png]
[eliteadmin.themedesigner.in/demos/plugins/bower_components/x-editable/dist/bootstrap3-editable/css/bootstrap-editable.css]
[eliteadmin.themedesigner.in/demos/plugins/bower_components/summernote/dist/summernote.css]
[eliteadmin.themedesigner.in/demos/plugins/bower_components/html5-editor/bootstrap-wysihtml5.css]
[eliteadmin.themedesigner.in/demos/plugins/bower_components/datatables/sort_both.png]
[eliteadmin.themedesigner.in/demos/plugins/bower_components/datatables/sort_asc.png]
[eliteadmin.themedesigner.in/demos/plugins/bower_components/datatables/sort_desc.png]
[eliteadmin.themedesigner.in/demos/plugins/bower_components/datatables/sort_asc_disabled.png]
[eliteadmin.themedesigner.in/demos/plugins/bower_components/datatables/sort_desc_disabled.png]
[eliteadmin.themedesigner.in/demos/plugins/bower_components/datatables/jquery.dataTables.min.css]
[cdn.datatables.net/buttons/1.2.2/css/buttons.dataTables.min.css]
[eliteadmin.themedesigner.in/demos/plugins/bower_components/bootstrap-table/dist/bootstrap-table.min.css]
[eliteadmin.themedesigner.in/demos/plugins/bower_components/tablesaw-master/dist/tablesaw.css]
[eliteadmin.themedesigner.in/demos/plugins/bower_components/jquery-datatables-editable/datatables.css]
[eliteadmin.themedesigner.in/demos/plugins/bower_components/footable/css/fonts/footable.eot]
[eliteadmin.themedesigner.in/demos/plugins/bower_components/footable/css/fonts/footable.woff]
[eliteadmin.themedesigner.in/demos/plugins/bower_components/footable/css/fonts/footabled41d.eot]
[eliteadmin.themedesigner.in/demos/plugins/bower_components/footable/css/fonts/footable.ttf]
[eliteadmin.themedesigner.in/demos/plugins/bower_components/footable/css/footable.core.css]
[eliteadmin.themedesigner.in/demos/plugins/bower_components/jsgrid/dist/jsgrid.min.css]
[eliteadmin.themedesigner.in/demos/plugins/bower_components/jsgrid/dist/jsgrid-theme.min.css]
[eliteadmin.themedesigner.in/demos/plugins/bower_components/css-chart/css-chart.css]
[eliteadmin.themedesigner.in/demos/plugins/bower_components/vectormap/jquery-jvectormap-2.0.2.css]
[eliteadmin.themedesigner.in/demos/plugins/bower_components/sweetalert/sweetalert.css]
[eliteadmin.themedesigner.in/demos/plugins/bower_components/owl.carousel/owl.carousel.min.css]
[eliteadmin.themedesigner.in/demos/plugins/bower_components/owl.carousel/owl.theme.default.css]
[eliteadmin.themedesigner.in/demos/plugins/bower_components/Magnific-Popup-master/dist/magnific-popup.css]
[eliteadmin.themedesigner.in/demos/plugins/bower_components/horizontal-timeline/css/horizontal-timeline.css]
[eliteadmin.themedesigner.in/demos/plugins/bower_components/nestable/nestable.css]
[eliteadmin.themedesigner.in/demos/plugins/bower_components/ion-rangeslider/css/ion.rangeSlider.css]
[eliteadmin.themedesigner.in/demos/plugins/bower_components/ion-rangeslider/img/sprite-skin-simple.png]
[eliteadmin.themedesigner.in/demos/plugins/bower_components/ion-rangeslider/css/ion.rangeSlider.skinSimple.css]
[eliteadmin.themedesigner.in/demos/eliteadmin-dark/www.youtube.com/watch7d1c.html]
[eliteadmin.themedesigner.in/demos/eliteadmin-dark/css/colors/blue.css]
[eliteadmin.themedesigner.in/demos/plugins/bower_components/gallery/css/animated-masonry-gallery.css]
[eliteadmin.themedesigner.in/demos/plugins/bower_components/fancybox/ekko-lightbox.min.css]
[eliteadmin.themedesigner.in/demos/plugins/bower_components/register-steps/steps.css]
[eliteadmin.themedesigner.in/demos/eliteadmin-dark/css/colors/default.css]
[eliteadmin.themedesigner.in/demos/plugins/bower_components/calendar/dist/fullcalendar.css]
[eliteadmin.themedesigner.in/demos/plugins/bower_components/custom-select/select2-spinner.html]
[eliteadmin.themedesigner.in/demos/plugins/bower_components/custom-select/select2x2.html]
[eliteadmin.themedesigner.in/demos/plugins/bower_components/footable/css/fonts/footable.svg]
[eliteadmin.themedesigner.in/demos/plugins/bower_components/owl.carousel/owl.video.play.html]
